01-Sep-2019 00:03:32.996 INFO [main] org.apache.catalina.startup.VersionLoggerListener.log Server version name:   Apache Tomcat/9.0.24
01-Sep-2019 00:03:33.002 INFO [main] org.apache.catalina.startup.VersionLoggerListener.log Server built:          Aug 14 2019 21:16:42 UTC
01-Sep-2019 00:03:33.002 INFO [main] org.apache.catalina.startup.VersionLoggerListener.log Server version number: 9.0.24.0
01-Sep-2019 00:03:33.003 INFO [main] org.apache.catalina.startup.VersionLoggerListener.log OS Name:               Mac OS X
01-Sep-2019 00:03:33.003 INFO [main] org.apache.catalina.startup.VersionLoggerListener.log OS Version:            10.13.6
01-Sep-2019 00:03:33.003 INFO [main] org.apache.catalina.startup.VersionLoggerListener.log Architecture:          x86_64
01-Sep-2019 00:03:33.003 INFO [main] org.apache.catalina.startup.VersionLoggerListener.log Java Home:             /Library/Java/JavaVirtualMachines/jdk1.8.0_141.jdk/Contents/Home/jre
01-Sep-2019 00:03:33.003 INFO [main] org.apache.catalina.startup.VersionLoggerListener.log JVM Version:           1.8.0_141-b15
01-Sep-2019 00:03:33.004 INFO [main] org.apache.catalina.startup.VersionLoggerListener.log JVM Vendor:            Oracle Corporation
01-Sep-2019 00:03:33.004 INFO [main] org.apache.catalina.startup.VersionLoggerListener.log CATALINA_BASE:         /Users/Gur/Desktop/Java/Tomcat/apache-tomcat-9.0.24
01-Sep-2019 00:03:33.004 INFO [main] org.apache.catalina.startup.VersionLoggerListener.log CATALINA_HOME:         /Users/Gur/Desktop/Java/Tomcat/apache-tomcat-9.0.24
01-Sep-2019 00:03:33.009 INFO [main] org.apache.catalina.startup.VersionLoggerListener.log Command line argument: -Djava.util.logging.config.file=/Users/Gur/Desktop/Java/Tomcat/apache-tomcat-9.0.24/conf/logging.properties
01-Sep-2019 00:03:33.009 INFO [main] org.apache.catalina.startup.VersionLoggerListener.log Command line argument: -Djava.util.logging.manager=org.apache.juli.ClassLoaderLogManager
01-Sep-2019 00:03:33.009 INFO [main] org.apache.catalina.startup.VersionLoggerListener.log Command line argument: -Djdk.tls.ephemeralDHKeySize=2048
01-Sep-2019 00:03:33.009 INFO [main] org.apache.catalina.startup.VersionLoggerListener.log Command line argument: -Djava.protocol.handler.pkgs=org.apache.catalina.webresources
01-Sep-2019 00:03:33.009 INFO [main] org.apache.catalina.startup.VersionLoggerListener.log Command line argument: -Dorg.apache.catalina.security.SecurityListener.UMASK=0027
01-Sep-2019 00:03:33.009 INFO [main] org.apache.catalina.startup.VersionLoggerListener.log Command line argument: -Dignore.endorsed.dirs=
01-Sep-2019 00:03:33.009 INFO [main] org.apache.catalina.startup.VersionLoggerListener.log Command line argument: -Dcatalina.base=/Users/Gur/Desktop/Java/Tomcat/apache-tomcat-9.0.24
01-Sep-2019 00:03:33.009 INFO [main] org.apache.catalina.startup.VersionLoggerListener.log Command line argument: -Dcatalina.home=/Users/Gur/Desktop/Java/Tomcat/apache-tomcat-9.0.24
01-Sep-2019 00:03:33.010 INFO [main] org.apache.catalina.startup.VersionLoggerListener.log Command line argument: -Djava.io.tmpdir=/Users/Gur/Desktop/Java/Tomcat/apache-tomcat-9.0.24/temp
01-Sep-2019 00:03:33.010 INFO [main] org.apache.catalina.core.AprLifecycleListener.lifecycleEvent The APR based Apache Tomcat Native library which allows optimal performance in production environments was not found on the java.library.path: [/Users/Gur/Library/Java/Extensions:/Library/Java/Extensions:/Network/Library/Java/Extensions:/System/Library/Java/Extensions:/usr/lib/java:.]
01-Sep-2019 00:03:33.556 INFO [main] org.apache.coyote.AbstractProtocol.init Initializing ProtocolHandler ["http-nio-8080"]
01-Sep-2019 00:03:33.592 SEVERE [main] org.apache.catalina.util.LifecycleBase.handleSubClassException Failed to initialize component [Connector[HTTP/1.1-8080]]
	org.apache.catalina.LifecycleException: Protocol handler initialization failed
		at org.apache.catalina.connector.Connector.initInternal(Connector.java:983)
		at org.apache.catalina.util.LifecycleBase.init(LifecycleBase.java:136)
		at org.apache.catalina.core.StandardService.initInternal(StandardService.java:533)
		at org.apache.catalina.util.LifecycleBase.init(LifecycleBase.java:136)
		at org.apache.catalina.core.StandardServer.initInternal(StandardServer.java:1059)
		at org.apache.catalina.util.LifecycleBase.init(LifecycleBase.java:136)
		at org.apache.catalina.startup.Catalina.load(Catalina.java:584)
		at org.apache.catalina.startup.Catalina.load(Catalina.java:607)
		at sun.reflect.NativeMethodAccessorImpl.invoke0(Native Method)
		at sun.reflect.NativeMethodAccessorImpl.invoke(NativeMethodAccessorImpl.java:62)
		at sun.reflect.DelegatingMethodAccessorImpl.invoke(DelegatingMethodAccessorImpl.java:43)
		at java.lang.reflect.Method.invoke(Method.java:498)
		at org.apache.catalina.startup.Bootstrap.load(Bootstrap.java:304)
		at org.apache.catalina.startup.Bootstrap.main(Bootstrap.java:474)
	Caused by: java.net.BindException: Address already in use
		at sun.nio.ch.Net.bind0(Native Method)
		at sun.nio.ch.Net.bind(Net.java:433)
		at sun.nio.ch.Net.bind(Net.java:425)
		at sun.nio.ch.ServerSocketChannelImpl.bind(ServerSocketChannelImpl.java:223)
		at sun.nio.ch.ServerSocketAdaptor.bind(ServerSocketAdaptor.java:74)
		at org.apache.tomcat.util.net.NioEndpoint.initServerSocket(NioEndpoint.java:230)
		at org.apache.tomcat.util.net.NioEndpoint.bind(NioEndpoint.java:213)
		at org.apache.tomcat.util.net.AbstractEndpoint.bindWithCleanup(AbstractEndpoint.java:1124)
		at org.apache.tomcat.util.net.AbstractEndpoint.init(AbstractEndpoint.java:1137)
		at org.apache.coyote.AbstractProtocol.init(AbstractProtocol.java:574)
		at org.apache.coyote.http11.AbstractHttp11Protocol.init(AbstractHttp11Protocol.java:74)
		at org.apache.catalina.connector.Connector.initInternal(Connector.java:980)
		... 13 more
01-Sep-2019 00:03:33.593 INFO [main] org.apache.coyote.AbstractProtocol.init Initializing ProtocolHandler ["ajp-nio-8009"]
01-Sep-2019 00:03:33.618 INFO [main] org.apache.catalina.startup.Catalina.load Server initialization in [915] milliseconds
01-Sep-2019 00:03:33.658 INFO [main] org.apache.catalina.core.StandardService.startInternal Starting service [Catalina]
01-Sep-2019 00:03:33.659 INFO [main] org.apache.catalina.core.StandardEngine.startInternal Starting Servlet engine: [Apache Tomcat/9.0.24]
01-Sep-2019 00:03:33.674 INFO [main] org.apache.catalina.startup.HostConfig.deployDirectory Deploying web application directory [/Users/Gur/Desktop/Java/Tomcat/apache-tomcat-9.0.24/webapps/docs]
01-Sep-2019 00:03:34.160 INFO [main] org.apache.catalina.startup.HostConfig.deployDirectory Deployment of web application directory [/Users/Gur/Desktop/Java/Tomcat/apache-tomcat-9.0.24/webapps/docs] has finished in [485] ms
01-Sep-2019 00:03:34.160 INFO [main] org.apache.catalina.startup.HostConfig.deployDirectory Deploying web application directory [/Users/Gur/Desktop/Java/Tomcat/apache-tomcat-9.0.24/webapps/manager]
01-Sep-2019 00:03:34.237 INFO [main] org.apache.catalina.startup.HostConfig.deployDirectory Deployment of web application directory [/Users/Gur/Desktop/Java/Tomcat/apache-tomcat-9.0.24/webapps/manager] has finished in [76] ms
01-Sep-2019 00:03:34.237 INFO [main] org.apache.catalina.startup.HostConfig.deployDirectory Deploying web application directory [/Users/Gur/Desktop/Java/Tomcat/apache-tomcat-9.0.24/webapps/examples]
01-Sep-2019 00:03:34.697 INFO [main] org.apache.catalina.startup.HostConfig.deployDirectory Deployment of web application directory [/Users/Gur/Desktop/Java/Tomcat/apache-tomcat-9.0.24/webapps/examples] has finished in [459] ms
01-Sep-2019 00:03:34.697 INFO [main] org.apache.catalina.startup.HostConfig.deployDirectory Deploying web application directory [/Users/Gur/Desktop/Java/Tomcat/apache-tomcat-9.0.24/webapps/ROOT]
01-Sep-2019 00:03:34.724 INFO [main] org.apache.catalina.startup.HostConfig.deployDirectory Deployment of web application directory [/Users/Gur/Desktop/Java/Tomcat/apache-tomcat-9.0.24/webapps/ROOT] has finished in [27] ms
01-Sep-2019 00:03:34.724 INFO [main] org.apache.catalina.startup.HostConfig.deployDirectory Deploying web application directory [/Users/Gur/Desktop/Java/Tomcat/apache-tomcat-9.0.24/webapps/host-manager]
01-Sep-2019 00:03:34.759 INFO [main] org.apache.catalina.startup.HostConfig.deployDirectory Deployment of web application directory [/Users/Gur/Desktop/Java/Tomcat/apache-tomcat-9.0.24/webapps/host-manager] has finished in [35] ms
01-Sep-2019 00:03:34.768 INFO [main] org.apache.coyote.AbstractProtocol.start Starting ProtocolHandler ["ajp-nio-8009"]
01-Sep-2019 00:03:34.778 INFO [main] org.apache.catalina.startup.Catalina.start Server startup in [1,158] milliseconds
01-Sep-2019 00:04:20.846 INFO [main] org.apache.catalina.core.StandardServer.await A valid shutdown command was received via the shutdown port. Stopping the Server instance.
01-Sep-2019 00:04:20.847 INFO [main] org.apache.coyote.AbstractProtocol.pause Pausing ProtocolHandler ["http-nio-8080"]
01-Sep-2019 00:04:20.848 INFO [main] org.apache.coyote.AbstractProtocol.pause Pausing ProtocolHandler ["ajp-nio-8009"]
01-Sep-2019 00:04:20.859 INFO [main] org.apache.catalina.core.StandardService.stopInternal Stopping service [Catalina]
01-Sep-2019 00:04:20.883 INFO [main] org.apache.coyote.AbstractProtocol.stop Stopping ProtocolHandler ["ajp-nio-8009"]
01-Sep-2019 00:04:20.885 INFO [main] org.apache.coyote.AbstractProtocol.stop Stopping ProtocolHandler ["http-nio-8080"]
01-Sep-2019 00:04:20.886 INFO [main] org.apache.coyote.AbstractProtocol.destroy Destroying ProtocolHandler ["http-nio-8080"]
01-Sep-2019 00:04:20.886 INFO [main] org.apache.coyote.AbstractProtocol.destroy Destroying ProtocolHandler ["ajp-nio-8009"]
01-Sep-2019 00:07:56.013 INFO [main] org.apache.catalina.startup.VersionLoggerListener.log Server version name:   Apache Tomcat/9.0.24
01-Sep-2019 00:07:56.018 INFO [main] org.apache.catalina.startup.VersionLoggerListener.log Server built:          Aug 14 2019 21:16:42 UTC
01-Sep-2019 00:07:56.018 INFO [main] org.apache.catalina.startup.VersionLoggerListener.log Server version number: 9.0.24.0
01-Sep-2019 00:07:56.018 INFO [main] org.apache.catalina.startup.VersionLoggerListener.log OS Name:               Mac OS X
01-Sep-2019 00:07:56.018 INFO [main] org.apache.catalina.startup.VersionLoggerListener.log OS Version:            10.13.6
01-Sep-2019 00:07:56.018 INFO [main] org.apache.catalina.startup.VersionLoggerListener.log Architecture:          x86_64
01-Sep-2019 00:07:56.018 INFO [main] org.apache.catalina.startup.VersionLoggerListener.log Java Home:             /Library/Java/JavaVirtualMachines/jdk1.8.0_141.jdk/Contents/Home/jre
01-Sep-2019 00:07:56.018 INFO [main] org.apache.catalina.startup.VersionLoggerListener.log JVM Version:           1.8.0_141-b15
01-Sep-2019 00:07:56.018 INFO [main] org.apache.catalina.startup.VersionLoggerListener.log JVM Vendor:            Oracle Corporation
01-Sep-2019 00:07:56.018 INFO [main] org.apache.catalina.startup.VersionLoggerListener.log CATALINA_BASE:         /Users/Gur/Desktop/Java/Tomcat/apache-tomcat-9.0.24
01-Sep-2019 00:07:56.018 INFO [main] org.apache.catalina.startup.VersionLoggerListener.log CATALINA_HOME:         /Users/Gur/Desktop/Java/Tomcat/apache-tomcat-9.0.24
01-Sep-2019 00:07:56.024 INFO [main] org.apache.catalina.startup.VersionLoggerListener.log Command line argument: -Djava.util.logging.config.file=/Users/Gur/Desktop/Java/Tomcat/apache-tomcat-9.0.24/conf/logging.properties
01-Sep-2019 00:07:56.025 INFO [main] org.apache.catalina.startup.VersionLoggerListener.log Command line argument: -Djava.util.logging.manager=org.apache.juli.ClassLoaderLogManager
01-Sep-2019 00:07:56.025 INFO [main] org.apache.catalina.startup.VersionLoggerListener.log Command line argument: -Djdk.tls.ephemeralDHKeySize=2048
01-Sep-2019 00:07:56.025 INFO [main] org.apache.catalina.startup.VersionLoggerListener.log Command line argument: -Djava.protocol.handler.pkgs=org.apache.catalina.webresources
01-Sep-2019 00:07:56.025 INFO [main] org.apache.catalina.startup.VersionLoggerListener.log Command line argument: -Dorg.apache.catalina.security.SecurityListener.UMASK=0027
01-Sep-2019 00:07:56.025 INFO [main] org.apache.catalina.startup.VersionLoggerListener.log Command line argument: -Dignore.endorsed.dirs=
01-Sep-2019 00:07:56.025 INFO [main] org.apache.catalina.startup.VersionLoggerListener.log Command line argument: -Dcatalina.base=/Users/Gur/Desktop/Java/Tomcat/apache-tomcat-9.0.24
01-Sep-2019 00:07:56.026 INFO [main] org.apache.catalina.startup.VersionLoggerListener.log Command line argument: -Dcatalina.home=/Users/Gur/Desktop/Java/Tomcat/apache-tomcat-9.0.24
01-Sep-2019 00:07:56.026 INFO [main] org.apache.catalina.startup.VersionLoggerListener.log Command line argument: -Djava.io.tmpdir=/Users/Gur/Desktop/Java/Tomcat/apache-tomcat-9.0.24/temp
01-Sep-2019 00:07:56.026 INFO [main] org.apache.catalina.core.AprLifecycleListener.lifecycleEvent The APR based Apache Tomcat Native library which allows optimal performance in production environments was not found on the java.library.path: [/Users/Gur/Library/Java/Extensions:/Library/Java/Extensions:/Network/Library/Java/Extensions:/System/Library/Java/Extensions:/usr/lib/java:.]
01-Sep-2019 00:07:56.373 INFO [main] org.apache.coyote.AbstractProtocol.init Initializing ProtocolHandler ["http-nio-8080"]
01-Sep-2019 00:07:56.410 INFO [main] org.apache.coyote.AbstractProtocol.init Initializing ProtocolHandler ["ajp-nio-8009"]
01-Sep-2019 00:07:56.413 INFO [main] org.apache.catalina.startup.Catalina.load Server initialization in [643] milliseconds
01-Sep-2019 00:07:56.443 INFO [main] org.apache.catalina.core.StandardService.startInternal Starting service [Catalina]
01-Sep-2019 00:07:56.443 INFO [main] org.apache.catalina.core.StandardEngine.startInternal Starting Servlet engine: [Apache Tomcat/9.0.24]
01-Sep-2019 00:07:56.452 INFO [main] org.apache.catalina.startup.HostConfig.deployDirectory Deploying web application directory [/Users/Gur/Desktop/Java/Tomcat/apache-tomcat-9.0.24/webapps/docs]
01-Sep-2019 00:07:56.834 INFO [main] org.apache.catalina.startup.HostConfig.deployDirectory Deployment of web application directory [/Users/Gur/Desktop/Java/Tomcat/apache-tomcat-9.0.24/webapps/docs] has finished in [382] ms
01-Sep-2019 00:07:56.839 INFO [main] org.apache.catalina.startup.HostConfig.deployDirectory Deploying web application directory [/Users/Gur/Desktop/Java/Tomcat/apache-tomcat-9.0.24/webapps/manager]
01-Sep-2019 00:07:56.881 INFO [main] org.apache.catalina.startup.HostConfig.deployDirectory Deployment of web application directory [/Users/Gur/Desktop/Java/Tomcat/apache-tomcat-9.0.24/webapps/manager] has finished in [46] ms
01-Sep-2019 00:07:56.881 INFO [main] org.apache.catalina.startup.HostConfig.deployDirectory Deploying web application directory [/Users/Gur/Desktop/Java/Tomcat/apache-tomcat-9.0.24/webapps/examples]
01-Sep-2019 00:07:57.247 INFO [main] org.apache.catalina.startup.HostConfig.deployDirectory Deployment of web application directory [/Users/Gur/Desktop/Java/Tomcat/apache-tomcat-9.0.24/webapps/examples] has finished in [366] ms
01-Sep-2019 00:07:57.247 INFO [main] org.apache.catalina.startup.HostConfig.deployDirectory Deploying web application directory [/Users/Gur/Desktop/Java/Tomcat/apache-tomcat-9.0.24/webapps/ROOT]
01-Sep-2019 00:07:57.267 INFO [main] org.apache.catalina.startup.HostConfig.deployDirectory Deployment of web application directory [/Users/Gur/Desktop/Java/Tomcat/apache-tomcat-9.0.24/webapps/ROOT] has finished in [20] ms
01-Sep-2019 00:07:57.267 INFO [main] org.apache.catalina.startup.HostConfig.deployDirectory Deploying web application directory [/Users/Gur/Desktop/Java/Tomcat/apache-tomcat-9.0.24/webapps/host-manager]
01-Sep-2019 00:07:57.295 INFO [main] org.apache.catalina.startup.HostConfig.deployDirectory Deployment of web application directory [/Users/Gur/Desktop/Java/Tomcat/apache-tomcat-9.0.24/webapps/host-manager] has finished in [27] ms
01-Sep-2019 00:07:57.300 INFO [main] org.apache.coyote.AbstractProtocol.start Starting ProtocolHandler ["http-nio-8080"]
01-Sep-2019 00:07:57.311 INFO [main] org.apache.coyote.AbstractProtocol.start Starting ProtocolHandler ["ajp-nio-8009"]
01-Sep-2019 00:07:57.314 INFO [main] org.apache.catalina.startup.Catalina.start Server startup in [899] milliseconds
01-Sep-2019 00:08:14.571 INFO [main] org.apache.catalina.core.StandardServer.await A valid shutdown command was received via the shutdown port. Stopping the Server instance.
01-Sep-2019 00:08:14.573 INFO [main] org.apache.coyote.AbstractProtocol.pause Pausing ProtocolHandler ["http-nio-8080"]
01-Sep-2019 00:08:14.583 INFO [main] org.apache.coyote.AbstractProtocol.pause Pausing ProtocolHandler ["ajp-nio-8009"]
01-Sep-2019 00:08:14.591 INFO [main] org.apache.catalina.core.StandardService.stopInternal Stopping service [Catalina]
01-Sep-2019 00:08:14.617 INFO [main] org.apache.coyote.AbstractProtocol.stop Stopping ProtocolHandler ["http-nio-8080"]
01-Sep-2019 00:08:14.624 INFO [main] org.apache.coyote.AbstractProtocol.stop Stopping ProtocolHandler ["ajp-nio-8009"]
01-Sep-2019 00:08:14.637 INFO [main] org.apache.coyote.AbstractProtocol.destroy Destroying ProtocolHandler ["http-nio-8080"]
01-Sep-2019 00:08:14.638 INFO [main] org.apache.coyote.AbstractProtocol.destroy Destroying ProtocolHandler ["ajp-nio-8009"]
